<?xml version="1.0" encoding="UTF-8"?>
<!-- Generated by org.testng.reporters.JUnitReportReporter -->
<testsuite skipped="0" hostname="DESKTOP-B1AQU68" name="OnlineShop" tests="4" failures="0" timestamp="17 Dec 2020 10:55:27 GMT" time="85.320" errors="0">
  <testcase name="DataProvider" time="18.081" classname="OnlineShop"/>
  <testcase name="DataProvider" time="16.959" classname="OnlineShop"/>
  <testcase name="DataProvider" time="21.527" classname="OnlineShop"/>
  <testcase name="DataProvider" time="28.753" classname="OnlineShop"/>
</testsuite> <!-- OnlineShop -->
